frontend/Open2Work/android/app/build/intermediates/manifest_merge_blame_file/debug/manifest-merger-blame-debug-report.txt
1<?xml version="1.0" encoding="utf-8"?>
2<manifest xmlns:android="http://schemas.android.com/apk/res/android"
3    package="com.open2work"
4    android:versionCode="1"
5    android:versionName="1.0" >
6
7    <uses-sdk
8        android:minSdkVersion="21"
9        android:targetSdkVersion="31" />
10
11    <uses-permission android:name="android.permission.SYSTEM_ALERT_WINDOW" />
11-->src\debug\AndroidManifest.xml:5:5-77
11-->src\debug\AndroidManifest.xml:5:22-75
12    <uses-permission android:name="android.permission.INTERNET" />
12-->src\main\AndroidManifest.xml:4:5-67
12-->src\main\AndroidManifest.xml:4:22-64
13    <uses-permission android:name="android.permission.CAMERA" />
13-->src\main\AndroidManifest.xml:5:5-64
13-->src\main\AndroidManifest.xml:5:22-62
14    <uses-permission android:name="android.permission.ACCESS_NETWORK_STATE" />
14-->src\main\AndroidManifest.xml:6:5-78
14-->src\main\AndroidManifest.xml:6:22-76
15
16    <uses-feature
16-->src\main\AndroidManifest.xml:7:5-85
17        android:name="android.hardware.camera"
17-->src\main\AndroidManifest.xml:7:19-57
18        android:required="false" />
18-->src\main\AndroidManifest.xml:7:58-82
19    <uses-feature
19-->src\main\AndroidManifest.xml:8:5-91
20        android:name="android.hardware.camera.front"
20-->src\main\AndroidManifest.xml:8:19-63
21        android:required="false" />
21-->src\main\AndroidManifest.xml:8:64-88
22
23    <uses-permission android:name="android.permission.ACCESS_WIFI_STATE" />
23-->[com.facebook.flipper:flipper:0.125.0] AndroidManifest.xml:16:5-76
23-->[com.facebook.flipper:flipper:0.125.0] AndroidManifest.xml:16:22-73
24
25    <queries>
25-->[:react-native-image-crop-picker] AndroidManifest.xml:9:5-13:15
26        <intent>
26-->[:react-native-image-crop-picker] AndroidManifest.xml:10:9-12:18
27            <action android:name="android.media.action.IMAGE_CAPTURE" />
27-->[:react-native-image-crop-picker] AndroidManifest.xml:11:13-73
27-->[:react-native-image-crop-picker] AndroidManifest.xml:11:21-70
28        </intent>
29    </queries>
30
31    <uses-permission android:name="android.permission.WRITE_EXTERNAL_STORAGE" />
31-->[:react-native-image-crop-picker] AndroidManifest.xml:15:5-81
31-->[:react-native-image-crop-picker] AndroidManifest.xml:15:22-78
32
33    <application
33-->src\main\AndroidManifest.xml:9:5-28:19
34        android:name="com.open2work.MainApplication"
34-->src\main\AndroidManifest.xml:10:7-38
35        android:allowBackup="false"
35-->src\main\AndroidManifest.xml:14:7-34
36        android:appComponentFactory="androidx.core.app.CoreComponentFactory"
36-->[androidx.core:core:1.7.0] AndroidManifest.xml:24:18-86
37        android:debuggable="true"
38        android:icon="@mipmap/ic_launcher"
38-->src\main\AndroidManifest.xml:12:7-41
39        android:label="@string/app_name"
39-->src\main\AndroidManifest.xml:11:7-39
40        android:roundIcon="@mipmap/ic_launcher_round"
40-->src\main\AndroidManifest.xml:13:7-52
41        android:theme="@style/AppTheme"
41-->src\main\AndroidManifest.xml:15:7-38
42        android:usesCleartextTraffic="true" >
42-->src\debug\AndroidManifest.xml:8:9-44
43        <activity
43-->src\debug\AndroidManifest.xml:11:9-111
44            android:name="com.facebook.react.devsupport.DevSettingsActivity"
44-->src\debug\AndroidManifest.xml:11:19-83
45            android:exported="false" />
45-->src\debug\AndroidManifest.xml:11:84-108
46        <activity
46-->src\main\AndroidManifest.xml:16:7-27:18
47            android:name="com.open2work.MainActivity"
47-->src\main\AndroidManifest.xml:17:9-37
48            android:configChanges="keyboard|keyboardHidden|orientation|screenLayout|screenSize|smallestScreenSize|uiMode"
48-->src\main\AndroidManifest.xml:19:9-118
49            android:exported="true"
49-->src\main\AndroidManifest.xml:22:9-32
50            android:label="@string/app_name"
50-->src\main\AndroidManifest.xml:18:9-41
51            android:launchMode="singleTask"
51-->src\main\AndroidManifest.xml:20:9-40
52            android:windowSoftInputMode="adjustResize" >
52-->src\main\AndroidManifest.xml:21:9-51
53            <intent-filter>
53-->src\main\AndroidManifest.xml:23:9-26:25
54                <action android:name="android.intent.action.MAIN" />
54-->src\main\AndroidManifest.xml:24:13-65
54-->src\main\AndroidManifest.xml:24:21-62
55
56                <category android:name="android.intent.category.LAUNCHER" />
56-->src\main\AndroidManifest.xml:25:13-73
56-->src\main\AndroidManifest.xml:25:23-70
57            </intent-filter>
58        </activity>
59
60        <provider
60-->[:react-native-image-crop-picker] AndroidManifest.xml:18:9-26:20
61            android:name="com.reactnative.ivpusic.imagepicker.IvpusicImagePickerFileProvider"
61-->[:react-native-image-crop-picker] AndroidManifest.xml:19:13-94
62            android:authorities="com.open2work.provider"
62-->[:react-native-image-crop-picker] AndroidManifest.xml:20:13-60
63            android:exported="false"
63-->[:react-native-image-crop-picker] AndroidManifest.xml:21:13-37
64            android:grantUriPermissions="true" >
64-->[:react-native-image-crop-picker] AndroidManifest.xml:22:13-47
65            <meta-data
65-->[:react-native-image-crop-picker] AndroidManifest.xml:23:13-25:78
66                android:name="android.support.FILE_PROVIDER_PATHS"
66-->[:react-native-image-crop-picker] AndroidManifest.xml:24:17-67
67                android:resource="@xml/ivpusic_imagepicker_provider_paths" />
67-->[:react-native-image-crop-picker] AndroidManifest.xml:25:17-75
68        </provider>
69
70        <activity
70-->[:react-native-image-crop-picker] AndroidManifest.xml:28:9-30:72
71            android:name="com.yalantis.ucrop.UCropActivity"
71-->[:react-native-image-crop-picker] AndroidManifest.xml:29:13-60
72            android:theme="@style/Theme.AppCompat.Light.NoActionBar" />
72-->[:react-native-image-crop-picker] AndroidManifest.xml:30:13-69
73
74        <provider
74-->[androidx.emoji2:emoji2:1.0.0] AndroidManifest.xml:26:9-34:20
75            android:name="androidx.startup.InitializationProvider"
75-->[androidx.emoji2:emoji2:1.0.0] AndroidManifest.xml:27:13-67
76            android:authorities="com.open2work.androidx-startup"
76-->[androidx.emoji2:emoji2:1.0.0] AndroidManifest.xml:28:13-68
77            android:exported="false" >
77-->[androidx.emoji2:emoji2:1.0.0] AndroidManifest.xml:29:13-37
78            <meta-data
78-->[androidx.emoji2:emoji2:1.0.0] AndroidManifest.xml:31:13-33:52
79                android:name="androidx.emoji2.text.EmojiCompatInitializer"
79-->[androidx.emoji2:emoji2:1.0.0] AndroidManifest.xml:32:17-75
80                android:value="androidx.startup" />
80-->[androidx.emoji2:emoji2:1.0.0] AndroidManifest.xml:33:17-49
81            <meta-data
81-->[androidx.lifecycle:lifecycle-process:2.4.0] AndroidManifest.xml:31:13-33:52
82                android:name="androidx.lifecycle.ProcessLifecycleInitializer"
82-->[androidx.lifecycle:lifecycle-process:2.4.0] AndroidManifest.xml:32:17-78
83                android:value="androidx.startup" />
83-->[androidx.lifecycle:lifecycle-process:2.4.0] AndroidManifest.xml:33:17-49
84        </provider>
85    </application>
86
87</manifest>